2016-08-03 17:09:35,218 [main            ] [          ] INFO  org.eclipse.jetty.server.Server - jetty-8.1.8.v20121106
2016-08-03 17:09:36,600 [main            ] [          ] INFO  restx.RestxMainRouterFactory - LOADING MAIN ROUTER
2016-08-03 17:09:36,621 [main            ] [          ] INFO  restx.RestxMainRouterFactory - 
--------------------------------------
 -- RESTX >> LOAD ON REQUEST << >> DEV MODE << >> AUTO COMPILE <<
 -- for admin console,
 --   VISIT http://127.0.0.1:9000/api/@/ui/
 --

2016-08-03 17:09:39,638 [pool-1-thread-1 ] [          ] INFO  restx.classloader.CompilationManager - compilation finished: 5 sources compiled in 2.711 s
2016-08-03 17:09:41,744 [main            ] [          ] INFO  restx.classloader.CompilationManager - watching for changes in [src/main/java, src/main/resources]; current location is /root/myapp/.
2016-08-03 17:09:42,776 [main            ] [          ] INFO  restx.monitor.MetricsConfiguration - registering Metrics JVM metrics
2016-08-03 17:09:43,249 [main            ] [          ] INFO  restx.stats.RestxStatsCollector - collecting and sharing stats enabled - see http://restx.io/stats.html for details.
2016-08-03 17:10:00,139 [qtp1957502751-21] [          ] INFO  o.h.validator.internal.util.Version - HV000001: Hibernate Validator 5.0.1.Final
2016-08-03 17:10:00,453 [qtp1957502751-21] [          ] INFO  restx.RestxMainRouterFactory - [RESTX REQUEST] GET /@/ui/ - per request factory created in 1.042 s
2016-08-03 17:10:01,483 [qtp1957502751-23] [          ] INFO  restx.RestxMainRouterFactory - [RESTX REQUEST] GET /@/webjars/jquery/1.9.1/jquery.min.js - per request factory created in 424.3 ms
2016-08-03 17:10:01,569 [qtp1957502751-25] [          ] INFO  restx.RestxMainRouterFactory - [RESTX REQUEST] GET /@/webjars/angularjs/1.0.8/angular.min.js - per request factory created in 393.8 ms
2016-08-03 17:10:01,578 [qtp1957502751-21] [          ] INFO  restx.RestxMainRouterFactory - [RESTX REQUEST] GET /@/ui/css/admin.css - per request factory created in 533.0 ms
2016-08-03 17:10:01,582 [qtp1957502751-22] [          ] INFO  restx.RestxMainRouterFactory - [RESTX REQUEST] GET /@/ui/css/bootstrap.min.css - per request factory created in 717.9 ms
2016-08-03 17:10:01,629 [qtp1957502751-24] [          ] INFO  restx.RestxMainRouterFactory - [RESTX REQUEST] GET /@/webjars/bootstrap/2.3.0/js/bootstrap.min.js - per request factory created in 553.5 ms
2016-08-03 17:10:01,766 [qtp1957502751-26] [          ] INFO  restx.RestxMainRouterFactory - [RESTX REQUEST] GET /@/webjars/angularjs/1.0.8/angular-resource.min.js - per request factory created in 298.1 ms
2016-08-03 17:10:01,999 [qtp1957502751-24] [          ] INFO  restx.RestxMainRouterFactory - [RESTX REQUEST] GET /@/ui/js/securityHandling.js - per request factory created in 282.0 ms
2016-08-03 17:10:02,117 [qtp1957502751-21] [          ] INFO  restx.RestxMainRouterFactory - [RESTX REQUEST] GET /@/webjars/underscorejs/1.4.4/underscore.min.js - per request factory created in 369.5 ms
2016-08-03 17:10:02,162 [qtp1957502751-23] [          ] INFO  restx.RestxMainRouterFactory - [RESTX REQUEST] GET /@/ui/js/admin.js - per request factory created in 380.1 ms
2016-08-03 17:10:03,888 [qtp1957502751-24] [          ] INFO  restx.StdRestxMainRouter - << [RESTX REQUEST] GET /@/pages >> UNAUTHORIZED - 30.17 ms
2016-08-03 17:10:03,894 [qtp1957502751-21] [          ] INFO  restx.RestxMainRouterFactory - [RESTX REQUEST] GET /sessions/current - per request factory created in 209.7 ms
2016-08-03 17:10:03,900 [qtp1957502751-21] [          ] INFO  restx.StdRestxMainRouter - << [RESTX REQUEST] GET /sessions/current >> UNAUTHORIZED - 5.575 ms
2016-08-03 17:10:04,983 [qtp1957502751-23] [          ] INFO  restx.RestxMainRouterFactory - [RESTX REQUEST] GET /@/ui/css/bootstrap.min.css - per request factory created in 363.4 ms
2016-08-03 17:10:05,033 [qtp1957502751-22] [          ] INFO  restx.RestxMainRouterFactory - [RESTX REQUEST] GET /@/ui/css/alertify.default.css - per request factory created in 376.1 ms
2016-08-03 17:10:05,162 [qtp1957502751-25] [          ] INFO  restx.RestxMainRouterFactory - [RESTX REQUEST] GET /@/ui/css/admin.css - per request factory created in 344.0 ms
2016-08-03 17:10:05,171 [qtp1957502751-26] [          ] INFO  restx.RestxMainRouterFactory - [RESTX REQUEST] GET /@/ui/js/Spark-md5.min.js - per request factory created in 331.6 ms
2016-08-03 17:10:05,176 [qtp1957502751-24] [          ] INFO  restx.RestxMainRouterFactory - [RESTX REQUEST] GET /@/ui/css/login.css - per request factory created in 347.4 ms
2016-08-03 17:10:05,267 [qtp1957502751-22] [          ] INFO  restx.RestxMainRouterFactory - [RESTX REQUEST] GET /@/ui/js/alertify.min.js - per request factory created in 219.3 ms
2016-08-03 17:10:05,394 [qtp1957502751-21] [          ] INFO  restx.RestxMainRouterFactory - [RESTX REQUEST] GET /@/ui/js/jquery.querystring.js - per request factory created in 341.0 ms
2016-08-03 17:10:05,430 [qtp1957502751-23] [          ] INFO  restx.RestxMainRouterFactory - [RESTX REQUEST] GET /@/ui/js/login.js - per request factory created in 247.1 ms
2016-08-03 17:10:34,386 [Thread-1        ] [          ] INFO  o.e.j.s.listener.ELContextCleaner - javax.el.BeanELResolver purged
2016-08-03 17:10:34,503 [Thread-1        ] [          ] INFO  o.e.jetty.util.thread.ShutdownThread - shutdown already commenced
2016-08-03 17:11:56,134 [main            ] [          ] INFO  org.eclipse.jetty.server.Server - jetty-8.1.8.v20121106
2016-08-03 17:11:57,343 [main            ] [          ] INFO  restx.RestxMainRouterFactory - LOADING MAIN ROUTER
2016-08-03 17:11:57,371 [main            ] [          ] INFO  restx.RestxMainRouterFactory - 
--------------------------------------
 -- RESTX >> LOAD ON REQUEST << >> DEV MODE << >> AUTO COMPILE <<
 -- for admin console,
 --   VISIT http://127.0.0.1:9000/api/@/ui/
 --

2016-08-03 17:11:57,967 [main            ] [          ] INFO  restx.classloader.CompilationManager - watching for changes in [src/main/java, src/main/resources]; current location is /root/myapp/.
2016-08-03 17:11:59,073 [main            ] [          ] INFO  restx.monitor.MetricsConfiguration - registering Metrics JVM metrics
2016-08-03 17:11:59,317 [main            ] [          ] INFO  restx.stats.RestxStatsCollector - collecting and sharing stats enabled - see http://restx.io/stats.html for details.
2016-08-03 17:12:09,712 [qtp1957502751-21] [          ] INFO  o.h.validator.internal.util.Version - HV000001: Hibernate Validator 5.0.1.Final
2016-08-03 17:12:10,107 [qtp1957502751-21] [          ] INFO  restx.RestxMainRouterFactory - [RESTX REQUEST] GET /@/ui/login.html ? backTo=http://127.0.0.1:9000/api/@/ui/ - per request factory created in 880.6 ms
2016-08-03 17:12:10,766 [qtp1957502751-21] [          ] INFO  restx.RestxMainRouterFactory - [RESTX REQUEST] GET /@/ui/css/alertify.default.css - per request factory created in 464.4 ms
2016-08-03 17:12:11,130 [qtp1957502751-23] [          ] INFO  restx.RestxMainRouterFactory - [RESTX REQUEST] GET /@/ui/css/admin.css - per request factory created in 827.4 ms
2016-08-03 17:12:11,135 [qtp1957502751-22] [          ] INFO  restx.RestxMainRouterFactory - [RESTX REQUEST] GET /@/ui/css/bootstrap.min.css - per request factory created in 830.6 ms
2016-08-03 17:12:11,139 [qtp1957502751-25] [          ] INFO  restx.RestxMainRouterFactory - [RESTX REQUEST] GET /@/ui/js/Spark-md5.min.js - per request factory created in 845.2 ms
2016-08-03 17:12:11,314 [qtp1957502751-24] [          ] INFO  restx.RestxMainRouterFactory - [RESTX REQUEST] GET /@/ui/css/login.css - per request factory created in 1.016 s
2016-08-03 17:12:11,421 [qtp1957502751-21] [          ] INFO  restx.RestxMainRouterFactory - [RESTX REQUEST] GET /@/ui/css/alertify.core.css - per request factory created in 652.3 ms
2016-08-03 17:12:11,426 [qtp1957502751-27] [          ] INFO  restx.RestxMainRouterFactory - [RESTX REQUEST] GET /@/ui/js/jquery.querystring.js - per request factory created in 439.0 ms
2016-08-03 17:12:11,728 [qtp1957502751-26] [          ] INFO  restx.RestxMainRouterFactory - [RESTX REQUEST] GET /@/ui/js/alertify.min.js - per request factory created in 344.3 ms
2016-08-03 17:12:11,833 [qtp1957502751-23] [          ] INFO  restx.RestxMainRouterFactory - [RESTX REQUEST] GET /@/ui/js/login.js - per request factory created in 404.7 ms
2016-08-03 17:12:18,144 [qtp1957502751-25] [          ] INFO  restx.StdRestxMainRouter - << [RESTX REQUEST] POST /sessions >> OK - 880.0 ms
2016-08-03 17:12:18,731 [qtp1957502751-23] [          ] INFO  restx.RestxMainRouterFactory - [RESTX REQUEST] GET /@/ui/js/admin.js - per request factory created in 256.6 ms
2016-08-03 17:12:18,936 [qtp1957502751-24] [          ] INFO  restx.RestxMainRouterFactory - [RESTX REQUEST] GET /@/ui/js/securityHandling.js - per request factory created in 471.4 ms
2016-08-03 17:12:19,536 [qtp1957502751-26] [admin     ] INFO  restx.StdRestxMainRouter - << [RESTX REQUEST] GET /@/pages >> OK - 108.5 ms
2016-08-03 17:12:19,559 [qtp1957502751-25] [admin     ] INFO  restx.StdRestxMainRouter - << [RESTX REQUEST] GET /sessions/current >> OK - 1.717 ms
2016-08-03 17:12:36,137 [qtp1957502751-25] [          ] INFO  restx.RestxMainRouterFactory - [RESTX REQUEST] GET /@/ui/css/bootstrap.min.css - per request factory created in 262.2 ms
2016-08-03 17:12:36,277 [qtp1957502751-26] [          ] INFO  restx.RestxMainRouterFactory - [RESTX REQUEST] GET /@/ui/monitor/lib/ua-parser.min.js - per request factory created in 229.4 ms
2016-08-03 17:12:36,378 [qtp1957502751-23] [          ] INFO  restx.RestxMainRouterFactory - [RESTX REQUEST] GET /@/ui/css/admin.css - per request factory created in 331.5 ms
2016-08-03 17:12:36,398 [qtp1957502751-21] [          ] INFO  restx.RestxMainRouterFactory - [RESTX REQUEST] GET /@/ui/monitor/css/app.css - per request factory created in 358.0 ms
2016-08-03 17:12:37,249 [qtp1957502751-24] [admin     ] INFO  restx.StdRestxMainRouter - << [RESTX REQUEST] GET /@/pages >> OK - 2.251 ms
2016-08-03 17:12:37,334 [qtp1957502751-27] [admin     ] INFO  restx.StdRestxMainRouter - << [RESTX REQUEST] GET /sessions/current >> OK - 1.714 ms
2016-08-03 17:12:37,556 [qtp1957502751-27] [admin     ] INFO  restx.StdRestxMainRouter - << [RESTX REQUEST] GET /@/pages >> OK - 37.77 ms
2016-08-03 17:12:37,579 [qtp1957502751-26] [          ] INFO  restx.RestxMainRouterFactory - [RESTX REQUEST] GET /@/ui/monitor/views/metrics.html - per request factory created in 232.2 ms
2016-08-03 17:12:37,643 [qtp1957502751-21] [admin     ] INFO  restx.StdRestxMainRouter - << [RESTX REQUEST] GET /sessions/current >> OK - 1.484 ms
2016-08-03 17:12:38,361 [qtp1957502751-25] [admin     ] INFO  restx.StdRestxMainRouter - << [RESTX REQUEST] GET /@/monitor >> OK - 382.7 ms
2016-08-03 17:12:38,553 [qtp1957502751-23] [admin     ] INFO  restx.StdRestxMainRouter - << [RESTX REQUEST] GET /@/metrics >> OK - 452.1 ms
2016-08-03 17:12:51,710 [qtp1957502751-26] [          ] INFO  restx.RestxMainRouterFactory - [RESTX REQUEST] GET /@/ui/css/admin.css - per request factory created in 398.2 ms
2016-08-03 17:12:52,493 [qtp1957502751-27] [admin     ] INFO  restx.StdRestxMainRouter - << [RESTX REQUEST] GET /sessions/current >> OK - 1.487 ms
2016-08-03 17:12:52,661 [qtp1957502751-25] [admin     ] INFO  restx.StdRestxMainRouter - << [RESTX REQUEST] GET /@/pages >> OK - 88.50 ms
2016-08-03 17:12:52,828 [qtp1957502751-24] [admin     ] INFO  restx.StdRestxMainRouter - << [RESTX REQUEST] GET /@/pages >> OK - 1.484 ms
2016-08-03 17:12:52,869 [qtp1957502751-22] [          ] INFO  restx.RestxMainRouterFactory - [RESTX REQUEST] GET /sessions/current - per request factory created in 206.6 ms
2016-08-03 17:12:52,871 [qtp1957502751-22] [admin     ] INFO  restx.StdRestxMainRouter - << [RESTX REQUEST] GET /sessions/current >> OK - 1.452 ms
2016-08-03 17:12:52,946 [qtp1957502751-21] [admin     ] INFO  restx.StdRestxMainRouter - << [RESTX REQUEST] GET /@/logs >> OK - 16.00 ms
2016-08-03 17:12:59,080 [qtp1957502751-25] [          ] INFO  restx.RestxMainRouterFactory - [RESTX REQUEST] GET /@/ui/css/bootstrap.min.css - per request factory created in 387.7 ms
2016-08-03 17:12:59,681 [qtp1957502751-27] [          ] INFO  restx.RestxMainRouterFactory - [RESTX REQUEST] GET /@/ui/api-docs/lib/keymaster.min.js - per request factory created in 600.8 ms
2016-08-03 17:12:59,690 [qtp1957502751-26] [          ] INFO  restx.RestxMainRouterFactory - [RESTX REQUEST] GET /@/ui/api-docs/js/controllers/EntityController.js - per request factory created in 364.3 ms
2016-08-03 17:12:59,713 [qtp1957502751-22] [          ] INFO  restx.RestxMainRouterFactory - [RESTX REQUEST] GET /@/ui/api-docs/js/services/Api.js - per request factory created in 397.5 ms
2016-08-03 17:12:59,717 [qtp1957502751-21] [          ] INFO  restx.RestxMainRouterFactory - [RESTX REQUEST] GET /@/ui/api-docs/js/controllers/ApisController.js - per request factory created in 399.3 ms
2016-08-03 17:13:00,056 [qtp1957502751-24] [admin     ] INFO  restx.StdRestxMainRouter - << [RESTX REQUEST] GET /sessions/current >> OK - 1.422 ms
2016-08-03 17:13:00,122 [qtp1957502751-23] [admin     ] INFO  restx.StdRestxMainRouter - << [RESTX REQUEST] GET /@/pages >> OK - 1.467 ms
2016-08-03 17:13:00,393 [qtp1957502751-22] [admin     ] INFO  restx.StdRestxMainRouter - << [RESTX REQUEST] GET /sessions/current >> OK - 1.452 ms
2016-08-03 17:13:00,398 [qtp1957502751-21] [admin     ] INFO  restx.StdRestxMainRouter - << [RESTX REQUEST] GET /@/pages >> OK - 71.07 ms
2016-08-03 17:13:00,654 [qtp1957502751-24] [admin     ] INFO  restx.StdRestxMainRouter - << [RESTX REQUEST] GET /@/api-docs >> OK - 145.7 ms
2016-08-03 17:13:01,109 [qtp1957502751-22] [          ] INFO  restx.RestxMainRouterFactory - [RESTX REQUEST] GET /@/api-docs/hello - per request factory created in 432.6 ms
2016-08-03 17:13:01,208 [qtp1957502751-24] [          ] INFO  restx.RestxMainRouterFactory - [RESTX REQUEST] GET /@/api-docs/config - per request factory created in 467.0 ms
2016-08-03 17:13:01,216 [qtp1957502751-26] [          ] INFO  restx.RestxMainRouterFactory - [RESTX REQUEST] GET /@/api-docs/specs - per request factory created in 247.0 ms
2016-08-03 17:13:01,241 [qtp1957502751-24] [admin     ] INFO  restx.StdRestxMainRouter - << [RESTX REQUEST] GET /@/api-docs/config >> OK - 31.98 ms
2016-08-03 17:13:01,350 [qtp1957502751-25] [admin     ] INFO  restx.StdRestxMainRouter - << [RESTX REQUEST] GET /@/api-docs/admin-pages >> OK - 567.2 ms
2016-08-03 17:13:01,402 [qtp1957502751-21] [admin     ] INFO  restx.StdRestxMainRouter - << [RESTX REQUEST] GET /@/api-docs/json-schema >> OK - 500.0 ms
2016-08-03 17:13:01,406 [qtp1957502751-22] [admin     ] INFO  restx.StdRestxMainRouter - << [RESTX REQUEST] GET /@/api-docs/hello >> OK - 297.2 ms
2016-08-03 17:13:01,395 [qtp1957502751-23] [admin     ] INFO  restx.StdRestxMainRouter - << [RESTX REQUEST] GET /@/api-docs/messages >> OK - 255.5 ms
2016-08-03 17:13:01,392 [qtp1957502751-26] [admin     ] INFO  restx.StdRestxMainRouter - << [RESTX REQUEST] GET /@/api-docs/specs >> OK - 176.5 ms
2016-08-03 17:13:01,394 [qtp1957502751-28] [admin     ] INFO  restx.StdRestxMainRouter - << [RESTX REQUEST] GET /@/api-docs/messages-admin >> OK - 31.38 ms
2016-08-03 17:13:01,507 [qtp1957502751-25] [admin     ] INFO  restx.StdRestxMainRouter - << [RESTX REQUEST] GET /@/api-docs/log-admin >> OK - 5.800 ms
2016-08-03 17:13:01,571 [qtp1957502751-28] [admin     ] INFO  restx.StdRestxMainRouter - << [RESTX REQUEST] GET /@/api-docs/monitor >> OK - 2.551 ms
2016-08-03 17:13:01,755 [qtp1957502751-22] [admin     ] INFO  restx.StdRestxMainRouter - << [RESTX REQUEST] GET /@/api-docs/restx-stats >> OK - 5.971 ms
2016-08-03 17:13:01,998 [qtp1957502751-21] [admin     ] INFO  restx.StdRestxMainRouter - << [RESTX REQUEST] GET /@/api-docs/session >> OK - 107.0 ms
2016-08-03 17:13:01,997 [qtp1957502751-24] [admin     ] INFO  restx.StdRestxMainRouter - << [RESTX REQUEST] GET /@/api-docs/metrics >> OK - 337.2 ms
2016-08-03 17:13:01,986 [qtp1957502751-23] [          ] INFO  restx.RestxMainRouterFactory - [RESTX REQUEST] GET /@/api-docs/sessions - per request factory created in 323.4 ms
2016-08-03 17:13:02,064 [qtp1957502751-23] [admin     ] INFO  restx.StdRestxMainRouter - << [RESTX REQUEST] GET /@/api-docs/sessions >> OK - 5.265 ms
2016-08-03 17:13:11,377 [qtp1957502751-28] [admin     ] INFO  restx.StdRestxMainRouter - << [RESTX REQUEST] GET /@/api-docs >> OK - 178.1 ms
2016-08-03 17:13:11,382 [qtp1957502751-25] [admin     ] INFO  restx.StdRestxMainRouter - << [RESTX REQUEST] GET /@/api-docs/hello >> OK - 143.9 ms
2016-08-03 17:13:11,799 [qtp1957502751-23] [admin     ] INFO  restx.StdRestxMainRouter - << [RESTX REQUEST] GET /@/specs ? httpMethod=GET&path=/message >> OK - 100.5 ms
2016-08-03 17:13:55,293 [qtp1957502751-24] [          ] INFO  r.security.RestxSessionCookieFilter - restx-admin sudoing request with { "principal": "test@test.com" }
2016-08-03 17:13:55,407 [qtp1957502751-24] [          ] INFO  r.security.RestxSessionCookieFilter - restx-admin sudoing request with { "principal": "test@test.com" }
2016-08-03 17:13:55,464 [qtp1957502751-24] [          ] INFO  restx.StdRestxMainRouter - << [RESTX REQUEST] GET /message >> UNAUTHORIZED - 57.34 ms
2016-08-03 17:13:55,467 [qtp1957502751-24] [          ] INFO  restx.RestxMainRouterFactory - saved recorded spec in src/main/resources/specs/hello/Say_hello_20160803_171355.spec.yaml
2016-08-03 17:13:56,357 [qtp1957502751-28] [          ] INFO  restx.RestxMainRouterFactory - [RESTX REQUEST] GET /@/ui/css/bootstrap.min.css - per request factory created in 646.7 ms
2016-08-03 17:13:56,470 [qtp1957502751-21] [          ] INFO  restx.RestxMainRouterFactory - [RESTX REQUEST] GET /@/ui/js/login.js - per request factory created in 244.7 ms
2016-08-03 17:14:08,483 [qtp1957502751-26] [admin     ] INFO  restx.StdRestxMainRouter - << [RESTX REQUEST] POST /sessions >> OK - 100.3 ms
2016-08-03 17:14:09,377 [qtp1957502751-24] [          ] INFO  restx.RestxMainRouterFactory - [RESTX REQUEST] GET /@/ui/api-docs/js/controllers/EntityController.js - per request factory created in 216.8 ms
2016-08-03 17:14:09,421 [qtp1957502751-22] [          ] INFO  restx.RestxMainRouterFactory - [RESTX REQUEST] GET /@/ui/api-docs/js/app.js - per request factory created in 347.0 ms
2016-08-03 17:14:09,572 [qtp1957502751-23] [          ] INFO  restx.RestxMainRouterFactory - [RESTX REQUEST] GET /@/ui/js/admin.js - per request factory created in 604.2 ms
2016-08-03 17:14:10,085 [qtp1957502751-28] [admin     ] INFO  restx.StdRestxMainRouter - << [RESTX REQUEST] GET /sessions/current >> OK - 1.338 ms
2016-08-03 17:14:10,119 [qtp1957502751-24] [admin     ] INFO  restx.StdRestxMainRouter - << [RESTX REQUEST] GET /@/pages >> OK - 1.320 ms
2016-08-03 17:14:10,337 [qtp1957502751-23] [admin     ] INFO  restx.StdRestxMainRouter - << [RESTX REQUEST] GET /@/pages >> OK - 1.251 ms
2016-08-03 17:14:10,427 [qtp1957502751-31] [admin     ] INFO  restx.StdRestxMainRouter - << [RESTX REQUEST] GET /sessions/current >> OK - 1.746 ms
2016-08-03 17:14:10,649 [qtp1957502751-30] [admin     ] INFO  restx.StdRestxMainRouter - << [RESTX REQUEST] GET /@/api-docs >> OK - 141.1 ms
2016-08-03 17:14:10,796 [qtp1957502751-21] [admin     ] INFO  restx.StdRestxMainRouter - << [RESTX REQUEST] GET /@/api-docs/admin-pages >> OK - 5.592 ms
2016-08-03 17:14:10,935 [qtp1957502751-31] [admin     ] INFO  restx.StdRestxMainRouter - << [RESTX REQUEST] GET /@/api-docs/json-schema >> OK - 4.749 ms
2016-08-03 17:14:11,076 [qtp1957502751-23] [admin     ] INFO  restx.StdRestxMainRouter - << [RESTX REQUEST] GET /@/api-docs/monitor >> OK - 2.360 ms
2016-08-03 17:14:11,452 [qtp1957502751-24] [          ] INFO  restx.RestxMainRouterFactory - [RESTX REQUEST] GET /@/api-docs/hello - per request factory created in 778.3 ms
2016-08-03 17:14:11,457 [qtp1957502751-24] [admin     ] INFO  restx.StdRestxMainRouter - << [RESTX REQUEST] GET /@/api-docs/hello >> OK - 4.807 ms
2016-08-03 17:14:11,562 [qtp1957502751-31] [          ] INFO  restx.RestxMainRouterFactory - [RESTX REQUEST] GET /@/api-docs/messages - per request factory created in 564.6 ms
2016-08-03 17:14:11,567 [qtp1957502751-31] [admin     ] INFO  restx.StdRestxMainRouter - << [RESTX REQUEST] GET /@/api-docs/messages >> OK - 4.479 ms
2016-08-03 17:14:11,662 [qtp1957502751-30] [          ] INFO  restx.RestxMainRouterFactory - [RESTX REQUEST] GET /@/api-docs/messages-admin - per request factory created in 964.3 ms
2016-08-03 17:14:11,719 [qtp1957502751-21] [          ] INFO  restx.RestxMainRouterFactory - [RESTX REQUEST] GET /@/api-docs/config - per request factory created in 923.1 ms
2016-08-03 17:14:11,725 [qtp1957502751-21] [admin     ] INFO  restx.StdRestxMainRouter - << [RESTX REQUEST] GET /@/api-docs/config >> OK - 4.913 ms
2016-08-03 17:14:11,895 [qtp1957502751-30] [admin     ] INFO  restx.StdRestxMainRouter - << [RESTX REQUEST] GET /@/api-docs/messages-admin >> OK - 232.2 ms
2016-08-03 17:14:11,925 [qtp1957502751-24] [          ] INFO  restx.RestxMainRouterFactory - [RESTX REQUEST] GET /@/api-docs/restx-stats - per request factory created in 467.0 ms
2016-08-03 17:14:11,891 [qtp1957502751-28] [          ] INFO  restx.RestxMainRouterFactory - [RESTX REQUEST] GET /@/api-docs/specs - per request factory created in 786.5 ms
2016-08-03 17:14:12,036 [qtp1957502751-22] [          ] INFO  restx.RestxMainRouterFactory - [RESTX REQUEST] GET /@/api-docs/metrics - per request factory created in 959.0 ms
2016-08-03 17:14:12,126 [qtp1957502751-22] [admin     ] INFO  restx.StdRestxMainRouter - << [RESTX REQUEST] GET /@/api-docs/metrics >> OK - 4.934 ms
2016-08-03 17:14:12,034 [qtp1957502751-26] [          ] INFO  restx.RestxMainRouterFactory - [RESTX REQUEST] GET /@/api-docs/log-admin - per request factory created in 877.7 ms
2016-08-03 17:14:12,137 [qtp1957502751-26] [admin     ] INFO  restx.StdRestxMainRouter - << [RESTX REQUEST] GET /@/api-docs/log-admin >> OK - 5.233 ms
2016-08-03 17:14:12,026 [qtp1957502751-23] [admin     ] INFO  restx.StdRestxMainRouter - << [RESTX REQUEST] GET /@/api-docs/sessions >> OK - 749.7 ms
2016-08-03 17:14:12,007 [qtp1957502751-31] [          ] INFO  restx.RestxMainRouterFactory - [RESTX REQUEST] GET /@/api-docs/session - per request factory created in 439.6 ms
2016-08-03 17:14:11,982 [qtp1957502751-24] [admin     ] INFO  restx.StdRestxMainRouter - << [RESTX REQUEST] GET /@/api-docs/restx-stats >> OK - 56.22 ms
2016-08-03 17:14:12,161 [qtp1957502751-31] [admin     ] INFO  restx.StdRestxMainRouter - << [RESTX REQUEST] GET /@/api-docs/session >> OK - 22.69 ms
2016-08-03 17:14:12,121 [qtp1957502751-28] [admin     ] INFO  restx.StdRestxMainRouter - << [RESTX REQUEST] GET /@/api-docs/specs >> OK - 48.73 ms
2016-08-03 17:14:22,592 [qtp1957502751-28] [admin     ] INFO  restx.StdRestxMainRouter - << [RESTX REQUEST] GET /@/api-docs/hello >> OK - 18.86 ms
2016-08-03 17:14:22,710 [qtp1957502751-24] [admin     ] INFO  restx.StdRestxMainRouter - << [RESTX REQUEST] GET /@/api-docs >> OK - 147.5 ms
2016-08-03 17:14:22,904 [qtp1957502751-21] [admin     ] INFO  restx.StdRestxMainRouter - << [RESTX REQUEST] GET /@/specs ? httpMethod=GET&path=/hello >> OK - 2.871 ms
2016-08-03 17:14:37,260 [qtp1957502751-30] [admin     ] INFO  restx.StdRestxMainRouter - << [RESTX REQUEST] GET /@/api-docs/hello >> OK - 42.40 ms
2016-08-03 17:14:37,590 [qtp1957502751-24] [admin     ] INFO  restx.StdRestxMainRouter - << [RESTX REQUEST] GET /@/specs ? httpMethod=GET&path=/message >> OK - 22.71 ms
2016-08-03 17:14:37,591 [qtp1957502751-31] [admin     ] INFO  restx.StdRestxMainRouter - << [RESTX REQUEST] GET /@/api-docs >> OK - 321.8 ms
2016-08-03 17:14:50,354 [qtp1957502751-26] [admin     ] INFO  restx.StdRestxMainRouter - << [RESTX REQUEST] GET /@/api-docs/hello >> OK - 5.329 ms
2016-08-03 17:14:50,704 [qtp1957502751-22] [admin     ] INFO  restx.StdRestxMainRouter - << [RESTX REQUEST] GET /@/api-docs >> OK - 278.7 ms
2016-08-03 17:14:50,709 [qtp1957502751-30] [admin     ] INFO  restx.StdRestxMainRouter - << [RESTX REQUEST] GET /@/specs ? httpMethod=GET&path=/hello >> OK - 9.902 ms
2016-08-03 17:14:56,465 [qtp1957502751-22] [admin     ] INFO  restx.StdRestxMainRouter - << [RESTX REQUEST] GET /@/api-docs/hello >> OK - 5.249 ms
2016-08-03 17:14:56,748 [qtp1957502751-24] [admin     ] INFO  restx.StdRestxMainRouter - << [RESTX REQUEST] GET /@/specs ? httpMethod=GET&path=/message >> OK - 2.397 ms
2016-08-03 17:14:56,791 [qtp1957502751-30] [admin     ] INFO  restx.StdRestxMainRouter - << [RESTX REQUEST] GET /@/api-docs >> OK - 303.7 ms
2016-08-03 17:14:57,718 [qtp1957502751-23] [admin     ] INFO  restx.StdRestxMainRouter - << [RESTX REQUEST] GET /@/api-docs/hello >> OK - 4.606 ms
2016-08-03 17:14:58,017 [qtp1957502751-22] [admin     ] INFO  restx.StdRestxMainRouter - << [RESTX REQUEST] GET /@/api-docs >> OK - 294.5 ms
2016-08-03 17:14:58,023 [qtp1957502751-24] [admin     ] INFO  restx.StdRestxMainRouter - << [RESTX REQUEST] GET /@/specs ? httpMethod=GET&path=/hello >> OK - 24.76 ms
2016-08-03 17:14:58,844 [qtp1957502751-26] [admin     ] INFO  restx.StdRestxMainRouter - << [RESTX REQUEST] GET /@/api-docs >> OK - 92.93 ms
2016-08-03 17:14:59,003 [qtp1957502751-23] [admin     ] INFO  restx.StdRestxMainRouter - << [RESTX REQUEST] GET /@/api-docs/admin-pages >> OK - 5.935 ms
2016-08-03 17:14:59,222 [qtp1957502751-24] [          ] INFO  restx.RestxMainRouterFactory - [RESTX REQUEST] GET /@/api-docs/sessions - per request factory created in 262.3 ms
2016-08-03 17:14:59,244 [qtp1957502751-24] [admin     ] INFO  restx.StdRestxMainRouter - << [RESTX REQUEST] GET /@/api-docs/sessions >> OK - 22.16 ms
2016-08-03 17:14:59,251 [qtp1957502751-30] [          ] INFO  restx.RestxMainRouterFactory - [RESTX REQUEST] GET /@/api-docs/json-schema - per request factory created in 359.2 ms
2016-08-03 17:14:59,256 [qtp1957502751-30] [admin     ] INFO  restx.StdRestxMainRouter - << [RESTX REQUEST] GET /@/api-docs/json-schema >> OK - 5.176 ms
2016-08-03 17:14:59,515 [qtp1957502751-23] [          ] INFO  restx.RestxMainRouterFactory - [RESTX REQUEST] GET /@/api-docs/messages-admin - per request factory created in 510.7 ms
2016-08-03 17:14:59,541 [qtp1957502751-30] [          ] INFO  restx.RestxMainRouterFactory - [RESTX REQUEST] GET /@/api-docs/monitor - per request factory created in 284.6 ms
2016-08-03 17:14:59,544 [qtp1957502751-30] [admin     ] INFO  restx.StdRestxMainRouter - << [RESTX REQUEST] GET /@/api-docs/monitor >> OK - 2.156 ms
2016-08-03 17:14:59,578 [qtp1957502751-21] [          ] INFO  restx.RestxMainRouterFactory - [RESTX REQUEST] GET /@/api-docs/specs - per request factory created in 383.6 ms
2016-08-03 17:14:59,583 [qtp1957502751-21] [admin     ] INFO  restx.StdRestxMainRouter - << [RESTX REQUEST] GET /@/api-docs/specs >> OK - 5.120 ms
2016-08-03 17:14:59,660 [qtp1957502751-31] [          ] INFO  restx.RestxMainRouterFactory - [RESTX REQUEST] GET /@/api-docs/hello - per request factory created in 492.8 ms
2016-08-03 17:14:59,666 [qtp1957502751-31] [admin     ] INFO  restx.StdRestxMainRouter - << [RESTX REQUEST] GET /@/api-docs/hello >> OK - 5.953 ms
2016-08-03 17:14:59,684 [qtp1957502751-22] [          ] INFO  restx.RestxMainRouterFactory - [RESTX REQUEST] GET /@/api-docs/metrics - per request factory created in 571.3 ms
2016-08-03 17:14:59,781 [qtp1957502751-26] [          ] INFO  restx.RestxMainRouterFactory - [RESTX REQUEST] GET /@/api-docs/log-admin - per request factory created in 338.6 ms
2016-08-03 17:14:59,786 [qtp1957502751-28] [          ] INFO  restx.RestxMainRouterFactory - [RESTX REQUEST] GET /@/api-docs/config - per request factory created in 405.4 ms
2016-08-03 17:14:59,787 [qtp1957502751-24] [admin     ] INFO  restx.StdRestxMainRouter - << [RESTX REQUEST] GET /@/api-docs/messages >> OK - 368.7 ms
2016-08-03 17:14:59,841 [qtp1957502751-28] [admin     ] INFO  restx.StdRestxMainRouter - << [RESTX REQUEST] GET /@/api-docs/config >> OK - 55.14 ms
2016-08-03 17:14:59,853 [qtp1957502751-22] [admin     ] INFO  restx.StdRestxMainRouter - << [RESTX REQUEST] GET /@/api-docs/metrics >> OK - 168.6 ms
2016-08-03 17:14:59,874 [qtp1957502751-30] [          ] INFO  restx.RestxMainRouterFactory - [RESTX REQUEST] GET /@/api-docs/restx-stats - per request factory created in 329.3 ms
2016-08-03 17:14:59,879 [qtp1957502751-30] [admin     ] INFO  restx.StdRestxMainRouter - << [RESTX REQUEST] GET /@/api-docs/restx-stats >> OK - 4.657 ms
2016-08-03 17:14:59,884 [qtp1957502751-23] [admin     ] INFO  restx.StdRestxMainRouter - << [RESTX REQUEST] GET /@/api-docs/messages-admin >> OK - 369.1 ms
2016-08-03 17:14:59,889 [qtp1957502751-26] [admin     ] INFO  restx.StdRestxMainRouter - << [RESTX REQUEST] GET /@/api-docs/log-admin >> OK - 107.7 ms
2016-08-03 17:14:59,893 [qtp1957502751-21] [          ] INFO  restx.RestxMainRouterFactory - [RESTX REQUEST] GET /@/api-docs/session - per request factory created in 308.3 ms
2016-08-03 17:14:59,902 [qtp1957502751-21] [admin     ] INFO  restx.StdRestxMainRouter - << [RESTX REQUEST] GET /@/api-docs/session >> OK - 9.476 ms
2016-08-03 17:15:06,578 [qtp1957502751-21] [admin     ] INFO  restx.StdRestxMainRouter - << [RESTX REQUEST] GET /@/api-docs/session >> OK - 38.50 ms
2016-08-03 17:15:06,877 [qtp1957502751-28] [admin     ] INFO  restx.StdRestxMainRouter - << [RESTX REQUEST] GET /@/api-docs >> OK - 286.1 ms
2016-08-03 17:15:06,930 [qtp1957502751-31] [admin     ] INFO  restx.StdRestxMainRouter - << [RESTX REQUEST] GET /@/api-docs/notes/restx.security.SessionResource.notes.json >> NOT_FOUND - 1.820 ms
2016-08-03 17:15:06,952 [qtp1957502751-22] [admin     ] INFO  restx.StdRestxMainRouter - << [RESTX REQUEST] GET /@/specs ? httpMethod=GET&path=/sessions/current >> OK - 2.364 ms
2016-08-03 17:15:15,069 [qtp1957502751-26] [admin     ] INFO  restx.StdRestxMainRouter - << [RESTX REQUEST] GET /@/api-docs/session >> OK - 30.12 ms
2016-08-03 17:15:15,259 [qtp1957502751-21] [admin     ] INFO  restx.StdRestxMainRouter - << [RESTX REQUEST] GET /@/api-docs >> OK - 199.8 ms
2016-08-03 17:15:15,294 [qtp1957502751-28] [admin     ] INFO  restx.StdRestxMainRouter - << [RESTX REQUEST] GET /@/api-docs/notes/restx.security.SessionResource.notes.json >> NOT_FOUND - 1.647 ms
2016-08-03 17:15:15,311 [qtp1957502751-31] [admin     ] INFO  restx.StdRestxMainRouter - << [RESTX REQUEST] GET /@/specs ? httpMethod=POST&path=/sessions >> OK - 27.82 ms
2016-08-03 17:15:27,446 [Thread-1        ] [          ] INFO  o.e.j.s.listener.ELContextCleaner - javax.el.BeanELResolver purged
2016-08-03 17:15:27,552 [Thread-1        ] [          ] INFO  o.e.jetty.util.thread.ShutdownThread - shutdown already commenced
2016-08-03 17:32:14,902 [main            ] [          ] INFO  org.eclipse.jetty.server.Server - jetty-8.1.8.v20121106
2016-08-03 17:32:15,831 [main            ] [          ] INFO  restx.RestxMainRouterFactory - LOADING MAIN ROUTER
2016-08-03 17:32:15,845 [main            ] [          ] INFO  restx.RestxMainRouterFactory - 
--------------------------------------
 -- RESTX >> LOAD ON REQUEST << >> DEV MODE << >> AUTO COMPILE <<
 -- for admin console,
 --   VISIT http://127.0.0.1:9000/api/@/ui/
 --

2016-08-03 17:32:18,767 [pool-1-thread-1 ] [          ] INFO  restx.classloader.CompilationManager - compilation finished: 1 sources compiled in 2.578 s
2016-08-03 17:32:22,675 [main            ] [          ] INFO  restx.classloader.CompilationManager - watching for changes in [src/main/java, src/main/resources]; current location is /root/myapp/.
2016-08-03 17:32:24,336 [main            ] [          ] INFO  restx.monitor.MetricsConfiguration - registering Metrics JVM metrics
2016-08-03 17:32:24,983 [main            ] [          ] INFO  restx.stats.RestxStatsCollector - collecting and sharing stats enabled - see http://restx.io/stats.html for details.
2016-08-03 17:32:29,384 [qtp1957502751-21] [          ] INFO  o.h.validator.internal.util.Version - HV000001: Hibernate Validator 5.0.1.Final
2016-08-03 17:32:29,885 [qtp1957502751-21] [          ] INFO  restx.RestxMainRouterFactory - [RESTX REQUEST] GET /@/ui - per request factory created in 1.534 s
2016-08-03 17:32:29,951 [qtp1957502751-21] [          ] INFO  restx.StdRestxMainRouter - << [RESTX REQUEST] GET /@/ui >> NOT_FOUND - 65.27 ms
2016-08-03 17:32:39,058 [qtp1957502751-22] [          ] INFO  restx.RestxMainRouterFactory - [RESTX REQUEST] GET /@/ui/ - per request factory created in 253.9 ms
2016-08-03 17:32:40,434 [qtp1957502751-24] [          ] INFO  restx.RestxMainRouterFactory - [RESTX REQUEST] GET /@/ui/js/admin.js - per request factory created in 221.7 ms
2016-08-03 17:32:40,448 [qtp1957502751-22] [          ] INFO  restx.RestxMainRouterFactory - [RESTX REQUEST] GET /@/ui/css/admin.css - per request factory created in 225.8 ms
2016-08-03 17:32:40,462 [qtp1957502751-23] [          ] INFO  restx.RestxMainRouterFactory - [RESTX REQUEST] GET /@/ui/js/securityHandling.js - per request factory created in 246.1 ms
2016-08-03 17:32:41,311 [qtp1957502751-25] [admin     ] INFO  restx.StdRestxMainRouter - << [RESTX REQUEST] GET /@/pages >> OK - 11.20 ms
2016-08-03 17:32:41,318 [qtp1957502751-24] [admin     ] INFO  restx.StdRestxMainRouter - << [RESTX REQUEST] GET /sessions/current >> OK - 76.32 ms
2016-08-03 17:32:51,073 [qtp1957502751-24] [          ] INFO  restx.RestxMainRouterFactory - [RESTX REQUEST] GET /@/ui/css/bootstrap.min.css - per request factory created in 204.2 ms
2016-08-03 17:32:51,116 [qtp1957502751-25] [          ] INFO  restx.RestxMainRouterFactory - [RESTX REQUEST] GET /@/ui/api-docs/lib/keymaster.min.js - per request factory created in 262.7 ms
2016-08-03 17:32:51,128 [qtp1957502751-22] [          ] INFO  restx.RestxMainRouterFactory - [RESTX REQUEST] GET /@/ui/api-docs/lib/underscore.string.js - per request factory created in 285.4 ms
2016-08-03 17:32:51,146 [qtp1957502751-21] [          ] INFO  restx.RestxMainRouterFactory - [RESTX REQUEST] GET /@/ui/api-docs/css/docs.css - per request factory created in 267.5 ms
2016-08-03 17:32:51,424 [qtp1957502751-23] [          ] INFO  restx.RestxMainRouterFactory - [RESTX REQUEST] GET /@/ui/api-docs/lib/jquery.scrollto.js - per request factory created in 337.2 ms
2016-08-03 17:32:51,485 [qtp1957502751-25] [          ] INFO  restx.RestxMainRouterFactory - [RESTX REQUEST] GET /@/ui/api-docs/js/app.js - per request factory created in 247.4 ms
2016-08-03 17:32:51,518 [qtp1957502751-21] [          ] INFO  restx.RestxMainRouterFactory - [RESTX REQUEST] GET /@/ui/js/securityHandling.js - per request factory created in 368.7 ms
2016-08-03 17:32:51,526 [qtp1957502751-22] [          ] INFO  restx.RestxMainRouterFactory - [RESTX REQUEST] GET /@/ui/api-docs/js/services/Api.js - per request factory created in 250.7 ms
2016-08-03 17:32:51,673 [qtp1957502751-26] [          ] INFO  restx.RestxMainRouterFactory - [RESTX REQUEST] GET /@/ui/js/admin.js - per request factory created in 375.8 ms
2016-08-03 17:32:51,688 [qtp1957502751-27] [          ] INFO  restx.RestxMainRouterFactory - [RESTX REQUEST] GET /@/ui/api-docs/js/controllers/ApisController.js - per request factory created in 260.1 ms
2016-08-03 17:32:51,815 [qtp1957502751-23] [          ] INFO  restx.RestxMainRouterFactory - [RESTX REQUEST] GET /@/ui/api-docs/js/controllers/EntityController.js - per request factory created in 242.3 ms
2016-08-03 17:32:52,330 [qtp1957502751-24] [admin     ] INFO  restx.StdRestxMainRouter - << [RESTX REQUEST] GET /sessions/current >> OK - 1.513 ms
2016-08-03 17:32:52,365 [qtp1957502751-22] [          ] INFO  restx.RestxMainRouterFactory - [RESTX REQUEST] GET /@/pages - per request factory created in 207.9 ms
2016-08-03 17:32:52,367 [qtp1957502751-22] [admin     ] INFO  restx.StdRestxMainRouter - << [RESTX REQUEST] GET /@/pages >> OK - 2.465 ms
2016-08-03 17:32:52,609 [qtp1957502751-27] [admin     ] INFO  restx.StdRestxMainRouter - << [RESTX REQUEST] GET /sessions/current >> OK - 1.831 ms
2016-08-03 17:32:52,702 [qtp1957502751-25] [admin     ] INFO  restx.StdRestxMainRouter - << [RESTX REQUEST] GET /@/pages >> OK - 99.64 ms
2016-08-03 17:32:52,999 [qtp1957502751-21] [admin     ] INFO  restx.StdRestxMainRouter - << [RESTX REQUEST] GET /@/api-docs >> OK - 236.0 ms
2016-08-03 17:32:53,326 [qtp1957502751-23] [          ] INFO  restx.RestxMainRouterFactory - [RESTX REQUEST] GET /@/api-docs/admin-pages - per request factory created in 287.7 ms
2016-08-03 17:32:53,333 [qtp1957502751-26] [          ] INFO  restx.RestxMainRouterFactory - [RESTX REQUEST] GET /@/api-docs/json-schema - per request factory created in 304.5 ms
2016-08-03 17:32:53,336 [qtp1957502751-22] [          ] INFO  restx.RestxMainRouterFactory - [RESTX REQUEST] GET /@/api-docs/specs - per request factory created in 320.2 ms
2016-08-03 17:32:53,494 [qtp1957502751-27] [          ] INFO  restx.RestxMainRouterFactory - [RESTX REQUEST] GET /@/api-docs/messages - per request factory created in 315.2 ms
2016-08-03 17:32:53,504 [qtp1957502751-21] [          ] INFO  restx.RestxMainRouterFactory - [RESTX REQUEST] GET /@/api-docs/config - per request factory created in 305.1 ms
2016-08-03 17:32:53,517 [qtp1957502751-25] [          ] INFO  restx.RestxMainRouterFactory - [RESTX REQUEST] GET /@/api-docs/hello - per request factory created in 347.9 ms
2016-08-03 17:32:53,577 [qtp1957502751-23] [admin     ] INFO  restx.StdRestxMainRouter - << [RESTX REQUEST] GET /@/api-docs/admin-pages >> OK - 250.9 ms
2016-08-03 17:32:53,599 [qtp1957502751-21] [admin     ] INFO  restx.StdRestxMainRouter - << [RESTX REQUEST] GET /@/api-docs/config >> OK - 94.42 ms
2016-08-03 17:32:53,607 [qtp1957502751-26] [admin     ] INFO  restx.StdRestxMainRouter - << [RESTX REQUEST] GET /@/api-docs/json-schema >> OK - 273.5 ms
2016-08-03 17:32:53,668 [qtp1957502751-25] [admin     ] INFO  restx.StdRestxMainRouter - << [RESTX REQUEST] GET /@/api-docs/hello >> OK - 150.7 ms
2016-08-03 17:32:53,669 [qtp1957502751-22] [admin     ] INFO  restx.StdRestxMainRouter - << [RESTX REQUEST] GET /@/api-docs/specs >> OK - 333.3 ms
2016-08-03 17:32:53,690 [qtp1957502751-27] [admin     ] INFO  restx.StdRestxMainRouter - << [RESTX REQUEST] GET /@/api-docs/messages >> OK - 195.8 ms
2016-08-03 17:32:53,850 [qtp1957502751-24] [          ] INFO  restx.RestxMainRouterFactory - [RESTX REQUEST] GET /@/api-docs/messages-admin - per request factory created in 271.4 ms
2016-08-03 17:32:53,983 [qtp1957502751-24] [admin     ] INFO  restx.StdRestxMainRouter - << [RESTX REQUEST] GET /@/api-docs/messages-admin >> OK - 132.6 ms
2016-08-03 17:32:54,104 [qtp1957502751-26] [          ] INFO  restx.RestxMainRouterFactory - [RESTX REQUEST] GET /@/api-docs/log-admin - per request factory created in 496.0 ms
2016-08-03 17:32:54,120 [qtp1957502751-25] [          ] INFO  restx.RestxMainRouterFactory - [RESTX REQUEST] GET /@/api-docs/restx-stats - per request factory created in 419.2 ms
2016-08-03 17:32:54,124 [qtp1957502751-22] [          ] INFO  restx.RestxMainRouterFactory - [RESTX REQUEST] GET /@/api-docs/metrics - per request factory created in 453.5 ms
2016-08-03 17:32:54,135 [qtp1957502751-23] [          ] INFO  restx.RestxMainRouterFactory - [RESTX REQUEST] GET /@/api-docs/sessions - per request factory created in 455.6 ms
2016-08-03 17:32:54,140 [qtp1957502751-27] [          ] INFO  restx.RestxMainRouterFactory - [RESTX REQUEST] GET /@/api-docs/monitor - per request factory created in 448.5 ms
2016-08-03 17:32:54,144 [qtp1957502751-27] [admin     ] INFO  restx.StdRestxMainRouter - << [RESTX REQUEST] GET /@/api-docs/monitor >> OK - 3.527 ms
2016-08-03 17:32:54,159 [qtp1957502751-26] [admin     ] INFO  restx.StdRestxMainRouter - << [RESTX REQUEST] GET /@/api-docs/log-admin >> OK - 55.30 ms
2016-08-03 17:32:54,164 [qtp1957502751-22] [admin     ] INFO  restx.StdRestxMainRouter - << [RESTX REQUEST] GET /@/api-docs/metrics >> OK - 39.59 ms
2016-08-03 17:32:54,174 [qtp1957502751-25] [admin     ] INFO  restx.StdRestxMainRouter - << [RESTX REQUEST] GET /@/api-docs/restx-stats >> OK - 53.49 ms
2016-08-03 17:32:54,181 [qtp1957502751-23] [admin     ] INFO  restx.StdRestxMainRouter - << [RESTX REQUEST] GET /@/api-docs/sessions >> OK - 45.06 ms
2016-08-03 17:32:54,199 [qtp1957502751-21] [          ] INFO  restx.RestxMainRouterFactory - [RESTX REQUEST] GET /@/api-docs/session - per request factory created in 204.3 ms
2016-08-03 17:32:54,231 [qtp1957502751-21] [admin     ] INFO  restx.StdRestxMainRouter - << [RESTX REQUEST] GET /@/api-docs/session >> OK - 31.71 ms
2016-08-03 17:33:02,821 [qtp1957502751-27] [admin     ] INFO  restx.StdRestxMainRouter - << [RESTX REQUEST] GET /@/api-docs/hello >> OK - 42.47 ms
2016-08-03 17:33:02,964 [qtp1957502751-21] [admin     ] INFO  restx.StdRestxMainRouter - << [RESTX REQUEST] GET /@/api-docs >> OK - 196.9 ms
2016-08-03 17:33:03,607 [qtp1957502751-26] [admin     ] INFO  restx.StdRestxMainRouter - << [RESTX REQUEST] GET /@/specs ? httpMethod=GET&path=/fizzbuzz >> OK - 444.6 ms
2016-08-03 17:33:16,491 [qtp1957502751-24] [admin     ] INFO  restx.StdRestxMainRouter - << [RESTX REQUEST] GET /@/api-docs/schemas/myapp.domain.Message >> OK - 179.8 ms
2016-08-03 17:33:21,004 [qtp1957502751-26] [admin     ] INFO  restx.StdRestxMainRouter - << [RESTX REQUEST] GET /@/api-docs/hello >> OK - 52.79 ms
2016-08-03 17:33:21,113 [qtp1957502751-23] [admin     ] INFO  restx.StdRestxMainRouter - << [RESTX REQUEST] GET /@/api-docs >> OK - 189.0 ms
2016-08-03 17:33:21,273 [qtp1957502751-21] [admin     ] INFO  restx.StdRestxMainRouter - << [RESTX REQUEST] GET /@/specs ? httpMethod=GET&path=/fizzbuzz >> OK - 4.394 ms
2016-08-03 17:33:45,057 [qtp1957502751-21] [admin     ] INFO  restx.StdRestxMainRouter - << [RESTX REQUEST] GET /fizzbuzz ? num=123 >> OK - 33.02 ms
2016-08-03 17:37:25,608 [qtp1957502751-21] [          ] INFO  restx.RestxMainRouterFactory - [RESTX REQUEST] GET /message ? who=restx - per request factory created in 1.048 s
2016-08-03 17:37:25,658 [qtp1957502751-21] [          ] INFO  restx.StdRestxMainRouter - << [RESTX REQUEST] GET /message ? who=restx >> UNAUTHORIZED - 32.72 ms
2016-08-03 17:38:26,364 [qtp1957502751-21] [          ] INFO  restx.StdRestxMainRouter - << [RESTX REQUEST] POST /sessions >> UNAUTHORIZED - 456.3 ms
2016-08-03 17:38:39,566 [Thread-1        ] [          ] INFO  o.e.j.s.listener.ELContextCleaner - javax.el.BeanELResolver purged
2016-08-03 17:38:39,699 [Thread-1        ] [          ] INFO  o.e.jetty.util.thread.ShutdownThread - shutdown already commenced
2016-08-03 17:39:03,065 [main            ] [          ] INFO  org.eclipse.jetty.server.Server - jetty-8.1.8.v20121106
2016-08-03 17:39:04,166 [main            ] [          ] INFO  restx.RestxMainRouterFactory - LOADING MAIN ROUTER
2016-08-03 17:39:04,173 [main            ] [          ] INFO  restx.RestxMainRouterFactory - 
--------------------------------------
 -- RESTX >> LOAD ON REQUEST << >> DEV MODE << >> AUTO COMPILE <<
 -- for admin console,
 --   VISIT http://127.0.0.1:9000/api/@/ui/
 --

2016-08-03 17:39:04,775 [main            ] [          ] INFO  restx.classloader.CompilationManager - watching for changes in [src/main/java, src/main/resources]; current location is /root/myapp/.
2016-08-03 17:39:05,819 [main            ] [          ] INFO  restx.monitor.MetricsConfiguration - registering Metrics JVM metrics
2016-08-03 17:39:06,153 [main            ] [          ] INFO  restx.stats.RestxStatsCollector - collecting and sharing stats enabled - see http://restx.io/stats.html for details.
2016-08-03 17:39:30,671 [qtp1957502751-21] [          ] INFO  o.h.validator.internal.util.Version - HV000001: Hibernate Validator 5.0.1.Final
2016-08-03 17:39:31,191 [qtp1957502751-21] [          ] INFO  restx.RestxMainRouterFactory - [RESTX REQUEST] POST /sessions - per request factory created in 1.217 s
2016-08-03 17:39:31,807 [qtp1957502751-21] [          ] INFO  restx.StdRestxMainRouter - << [RESTX REQUEST] POST /sessions >> UNAUTHORIZED - 615.2 ms
2016-08-03 17:40:52,026 [Thread-1        ] [          ] INFO  o.e.j.s.listener.ELContextCleaner - javax.el.BeanELResolver purged
2016-08-03 17:40:52,136 [Thread-1        ] [          ] INFO  o.e.jetty.util.thread.ShutdownThread - shutdown already commenced
2016-08-03 17:47:21,747 [main            ] [          ] INFO  org.eclipse.jetty.server.Server - jetty-8.1.8.v20121106
2016-08-03 17:47:22,777 [main            ] [          ] INFO  restx.RestxMainRouterFactory - LOADING MAIN ROUTER
2016-08-03 17:47:22,784 [main            ] [          ] INFO  restx.RestxMainRouterFactory - 
--------------------------------------
 -- RESTX >> LOAD ON REQUEST << >> DEV MODE << >> AUTO COMPILE <<
 -- for admin console,
 --   VISIT http://127.0.0.1:9000/api/@/ui/
 --

2016-08-03 17:47:23,292 [main            ] [          ] INFO  restx.classloader.CompilationManager - watching for changes in [src/main/java, src/main/resources]; current location is /root/myapp/.
2016-08-03 17:47:24,393 [main            ] [          ] INFO  restx.monitor.MetricsConfiguration - registering Metrics JVM metrics
2016-08-03 17:47:25,003 [main            ] [          ] INFO  restx.stats.RestxStatsCollector - collecting and sharing stats enabled - see http://restx.io/stats.html for details.
2016-08-03 17:47:36,660 [qtp1957502751-21] [          ] INFO  o.h.validator.internal.util.Version - HV000001: Hibernate Validator 5.0.1.Final
2016-08-03 17:47:37,070 [qtp1957502751-21] [          ] INFO  restx.RestxMainRouterFactory - [RESTX REQUEST] GET /@/ui/ - per request factory created in 1.039 s
2016-08-03 17:47:38,300 [qtp1957502751-22] [          ] INFO  restx.RestxMainRouterFactory - [RESTX REQUEST] GET /@/ui/css/bootstrap.min.css - per request factory created in 479.2 ms
2016-08-03 17:47:38,362 [qtp1957502751-21] [          ] INFO  restx.RestxMainRouterFactory - [RESTX REQUEST] GET /@/ui/css/admin.css - per request factory created in 481.8 ms
2016-08-03 17:47:38,407 [qtp1957502751-23] [          ] INFO  restx.RestxMainRouterFactory - [RESTX REQUEST] GET /@/ui/js/securityHandling.js - per request factory created in 449.0 ms
2016-08-03 17:47:38,416 [qtp1957502751-24] [          ] INFO  restx.RestxMainRouterFactory - [RESTX REQUEST] GET /@/ui/js/admin.js - per request factory created in 296.3 ms
2016-08-03 17:47:38,850 [qtp1957502751-26] [          ] INFO  restx.RestxMainRouterFactory - [RESTX REQUEST] GET /@/ui/img/glyphicons-halflings.png - per request factory created in 341.1 ms
2016-08-03 17:47:39,477 [qtp1957502751-21] [          ] INFO  restx.RestxMainRouterFactory - [RESTX REQUEST] GET /@/pages - per request factory created in 257.8 ms
2016-08-03 17:47:39,523 [qtp1957502751-22] [          ] INFO  restx.RestxMainRouterFactory - [RESTX REQUEST] GET /sessions/current - per request factory created in 248.7 ms
2016-08-03 17:47:39,539 [qtp1957502751-21] [admin     ] INFO  restx.StdRestxMainRouter - << [RESTX REQUEST] GET /@/pages >> OK - 60.93 ms
2016-08-03 17:47:39,555 [qtp1957502751-22] [admin     ] INFO  restx.StdRestxMainRouter - << [RESTX REQUEST] GET /sessions/current >> OK - 31.07 ms
2016-08-03 17:47:42,249 [qtp1957502751-25] [          ] INFO  restx.RestxMainRouterFactory - [RESTX REQUEST] GET /@/ui/api-docs/lib/underscore.string.js - per request factory created in 301.7 ms
2016-08-03 17:47:42,363 [qtp1957502751-24] [          ] INFO  restx.RestxMainRouterFactory - [RESTX REQUEST] GET /@/ui/api-docs/js/app.js - per request factory created in 310.7 ms
2016-08-03 17:47:42,434 [qtp1957502751-26] [          ] INFO  restx.RestxMainRouterFactory - [RESTX REQUEST] GET /@/ui/api-docs/lib/keymaster.min.js - per request factory created in 497.1 ms
2016-08-03 17:47:42,914 [qtp1957502751-22] [          ] INFO  restx.RestxMainRouterFactory - [RESTX REQUEST] GET /@/ui/api-docs/js/controllers/ApisController.js - per request factory created in 411.8 ms
2016-08-03 17:47:43,062 [qtp1957502751-23] [          ] INFO  restx.RestxMainRouterFactory - [RESTX REQUEST] GET /@/ui/api-docs/css/docs.css - per request factory created in 811.8 ms
2016-08-03 17:47:43,139 [qtp1957502751-25] [          ] INFO  restx.RestxMainRouterFactory - [RESTX REQUEST] GET /@/ui/api-docs/js/services/Api.js - per request factory created in 644.0 ms
2016-08-03 17:47:43,137 [qtp1957502751-22] [          ] INFO  restx.RestxMainRouterFactory - [RESTX REQUEST] GET /@/ui/api-docs/js/controllers/EntityController.js - per request factory created in 208.6 ms
2016-08-03 17:47:43,366 [qtp1957502751-24] [          ] INFO  restx.RestxMainRouterFactory - [RESTX REQUEST] GET /@/ui/js/securityHandling.js - per request factory created in 875.3 ms
2016-08-03 17:47:43,398 [qtp1957502751-21] [          ] INFO  restx.RestxMainRouterFactory - [RESTX REQUEST] GET /@/ui/api-docs/lib/jquery.scrollto.js - per request factory created in 1.142 s
2016-08-03 17:47:43,433 [qtp1957502751-26] [          ] INFO  restx.RestxMainRouterFactory - [RESTX REQUEST] GET /@/ui/api-docs/js/controllers/OperationController.js - per request factory created in 720.9 ms
2016-08-03 17:47:44,049 [qtp1957502751-23] [admin     ] INFO  restx.StdRestxMainRouter - << [RESTX REQUEST] GET /sessions/current >> OK - 60.20 ms
2016-08-03 17:47:44,152 [qtp1957502751-24] [          ] INFO  restx.RestxMainRouterFactory - [RESTX REQUEST] GET /@/ui/api-docs/views/apis.html - per request factory created in 221.8 ms
2016-08-03 17:47:44,326 [qtp1957502751-21] [          ] INFO  restx.RestxMainRouterFactory - [RESTX REQUEST] GET /sessions/current - per request factory created in 217.7 ms
2016-08-03 17:47:44,328 [qtp1957502751-21] [admin     ] INFO  restx.StdRestxMainRouter - << [RESTX REQUEST] GET /sessions/current >> OK - 1.516 ms
2016-08-03 17:47:44,331 [qtp1957502751-25] [          ] INFO  restx.RestxMainRouterFactory - [RESTX REQUEST] GET /@/pages - per request factory created in 530.2 ms
2016-08-03 17:47:44,333 [qtp1957502751-25] [admin     ] INFO  restx.StdRestxMainRouter - << [RESTX REQUEST] GET /@/pages >> OK - 2.405 ms
2016-08-03 17:47:44,464 [qtp1957502751-26] [          ] INFO  restx.RestxMainRouterFactory - [RESTX REQUEST] GET /@/api-docs - per request factory created in 249.0 ms
2016-08-03 17:47:44,496 [qtp1957502751-22] [admin     ] INFO  restx.StdRestxMainRouter - << [RESTX REQUEST] GET /@/pages >> OK - 2.332 ms
2016-08-03 17:47:44,731 [qtp1957502751-26] [admin     ] INFO  restx.StdRestxMainRouter - << [RESTX REQUEST] GET /@/api-docs >> OK - 266.1 ms
2016-08-03 17:47:45,095 [qtp1957502751-21] [          ] INFO  restx.RestxMainRouterFactory - [RESTX REQUEST] GET /@/api-docs/json-schema - per request factory created in 348.2 ms
2016-08-03 17:47:45,154 [qtp1957502751-27] [          ] INFO  restx.RestxMainRouterFactory - [RESTX REQUEST] GET /@/api-docs/hello - per request factory created in 319.1 ms
2016-08-03 17:47:45,177 [qtp1957502751-25] [          ] INFO  restx.RestxMainRouterFactory - [RESTX REQUEST] GET /@/api-docs/specs - per request factory created in 419.8 ms
2016-08-03 17:47:45,299 [qtp1957502751-24] [          ] INFO  restx.RestxMainRouterFactory - [RESTX REQUEST] GET /@/api-docs/admin-pages - per request factory created in 556.8 ms
2016-08-03 17:47:45,391 [qtp1957502751-26] [          ] INFO  restx.RestxMainRouterFactory - [RESTX REQUEST] GET /@/api-docs/messages - per request factory created in 288.3 ms
2016-08-03 17:47:45,465 [qtp1957502751-22] [          ] INFO  restx.RestxMainRouterFactory - [RESTX REQUEST] GET /@/api-docs/config - per request factory created in 362.7 ms
2016-08-03 17:47:45,536 [qtp1957502751-22] [admin     ] INFO  restx.StdRestxMainRouter - << [RESTX REQUEST] GET /@/api-docs/config >> OK - 70.13 ms
2016-08-03 17:47:45,546 [qtp1957502751-24] [admin     ] INFO  restx.StdRestxMainRouter - << [RESTX REQUEST] GET /@/api-docs/admin-pages >> OK - 247.2 ms
2016-08-03 17:47:45,615 [qtp1957502751-26] [admin     ] INFO  restx.StdRestxMainRouter - << [RESTX REQUEST] GET /@/api-docs/messages >> OK - 223.3 ms
2016-08-03 17:47:45,684 [qtp1957502751-25] [admin     ] INFO  restx.StdRestxMainRouter - << [RESTX REQUEST] GET /@/api-docs/specs >> OK - 506.5 ms
2016-08-03 17:47:45,839 [qtp1957502751-25] [admin     ] INFO  restx.StdRestxMainRouter - << [RESTX REQUEST] GET /@/api-docs/monitor >> OK - 3.434 ms
2016-08-03 17:47:45,854 [qtp1957502751-21] [admin     ] INFO  restx.StdRestxMainRouter - << [RESTX REQUEST] GET /@/api-docs/json-schema >> OK - 758.4 ms
2016-08-03 17:47:45,915 [qtp1957502751-24] [          ] INFO  restx.RestxMainRouterFactory - [RESTX REQUEST] GET /@/api-docs/metrics - per request factory created in 298.0 ms
2016-08-03 17:47:45,922 [qtp1957502751-24] [admin     ] INFO  restx.StdRestxMainRouter - << [RESTX REQUEST] GET /@/api-docs/metrics >> OK - 6.578 ms
2016-08-03 17:47:46,112 [qtp1957502751-22] [admin     ] INFO  restx.StdRestxMainRouter - << [RESTX REQUEST] GET /@/api-docs/log-admin >> OK - 64.21 ms
2016-08-03 17:47:46,203 [qtp1957502751-23] [admin     ] INFO  restx.StdRestxMainRouter - << [RESTX REQUEST] GET /@/api-docs/messages-admin >> OK - 522.1 ms
2016-08-03 17:47:46,205 [qtp1957502751-27] [admin     ] INFO  restx.StdRestxMainRouter - << [RESTX REQUEST] GET /@/api-docs/hello >> OK - 1.050 s
2016-08-03 17:47:46,397 [qtp1957502751-26] [          ] INFO  restx.RestxMainRouterFactory - [RESTX REQUEST] GET /@/api-docs/restx-stats - per request factory created in 337.7 ms
2016-08-03 17:47:46,643 [qtp1957502751-26] [admin     ] INFO  restx.StdRestxMainRouter - << [RESTX REQUEST] GET /@/api-docs/restx-stats >> OK - 245.3 ms
2016-08-03 17:47:46,645 [qtp1957502751-24] [          ] INFO  restx.RestxMainRouterFactory - [RESTX REQUEST] GET /@/api-docs/session - per request factory created in 549.1 ms
2016-08-03 17:47:46,652 [qtp1957502751-24] [admin     ] INFO  restx.StdRestxMainRouter - << [RESTX REQUEST] GET /@/api-docs/session >> OK - 6.993 ms
2016-08-03 17:47:46,662 [qtp1957502751-25] [          ] INFO  restx.RestxMainRouterFactory - [RESTX REQUEST] GET /@/api-docs/sessions - per request factory created in 547.3 ms
2016-08-03 17:47:46,686 [qtp1957502751-25] [admin     ] INFO  restx.StdRestxMainRouter - << [RESTX REQUEST] GET /@/api-docs/sessions >> OK - 24.02 ms
2016-08-03 17:47:49,742 [qtp1957502751-22] [admin     ] INFO  restx.StdRestxMainRouter - << [RESTX REQUEST] GET /@/api-docs/hello >> OK - 40.66 ms
2016-08-03 17:47:50,033 [qtp1957502751-23] [admin     ] INFO  restx.StdRestxMainRouter - << [RESTX REQUEST] GET /@/api-docs >> OK - 219.1 ms
2016-08-03 17:47:50,324 [qtp1957502751-24] [admin     ] INFO  restx.StdRestxMainRouter - << [RESTX REQUEST] GET /@/specs ? httpMethod=GET&path=/fizzbuzz >> OK - 224.2 ms
2016-08-03 17:48:05,489 [qtp1957502751-25] [admin     ] INFO  restx.StdRestxMainRouter - << [RESTX REQUEST] GET /fizzbuzz ? num=12345 >> OK - 32.56 ms
2016-08-03 17:48:29,620 [Thread-1        ] [          ] INFO  o.e.j.s.listener.ELContextCleaner - javax.el.BeanELResolver purged
2016-08-03 17:48:29,715 [Thread-1        ] [          ] INFO  o.e.jetty.util.thread.ShutdownThread - shutdown already commenced
